<?xml version="1.0" encoding="UTF-8"?>
<!-- Generated by org.testng.reporters.JUnitReportReporter -->
<testsuite hostname="DESKTOP-GJNDS4M" failures="0" tests="1" name="seleniumBasics.FrameHandling" time="40.569" errors="0" timestamp="2023-03-01T10:01:41 IST" skipped="0">
  <testcase classname="seleniumBasics.FrameHandling" name="frameHandle" time="40.569"/>
  <system-out/>
</testsuite> <!-- seleniumBasics.FrameHandling -->
