<?xml version="1.0" encoding="UTF-8"?>
<!-- Generated by org.testng.reporters.JUnitReportReporter -->
<testsuite hostname="DESKTOP-GJNDS4M" failures="0" tests="1" name="sampleLearning.FirstSelenium" time="8.052" errors="0" timestamp="2023-02-14T21:58:28 IST" skipped="0">
  <testcase classname="sampleLearning.FirstSelenium" name="testMethod" time="8.052"/>
  <system-out/>
</testsuite> <!-- sampleLearning.FirstSelenium -->
