<?xml version="1.0" encoding="UTF-8"?>
<!-- Generated by org.testng.reporters.JUnitReportReporter -->
<testsuite hostname="DESKTOP-GJNDS4M" failures="0" tests="1" name="seleniumBasics.AlertHandling" time="18.723" errors="0" timestamp="2023-03-01T09:57:58 IST" skipped="0">
  <testcase classname="seleniumBasics.AlertHandling" name="alertTypes" time="18.723"/>
  <system-out/>
</testsuite> <!-- seleniumBasics.AlertHandling -->
