<?xml version="1.0" encoding="UTF-8"?>
<!-- Generated by org.testng.reporters.JUnitReportReporter -->
<testsuite hostname="DESKTOP-GJNDS4M" failures="0" tests="4" name="seleniumBasics.TestDataFromExcel" time="29.652" errors="0" timestamp="2023-03-03T09:38:37 IST" skipped="0">
  <testcase classname="seleniumBasics.TestDataFromExcel" name="enterDataUsingString" time="8.314"/>
  <system-out/>
  <testcase classname="seleniumBasics.TestDataFromExcel" name="enterDataUsingString" time="7.102"/>
  <system-out/>
  <testcase classname="seleniumBasics.TestDataFromExcel" name="enterDataUsingString" time="8.588"/>
  <system-out/>
  <testcase classname="seleniumBasics.TestDataFromExcel" name="enterDataUsingString" time="5.648"/>
  <system-out/>
</testsuite> <!-- seleniumBasics.TestDataFromExcel -->
