<?xml version="1.0" encoding="UTF-8"?>
<!-- Generated by org.testng.reporters.JUnitReportReporter -->
<testsuite hostname="DESKTOP-GJNDS4M" failures="0" tests="1" name="seleniumBasics.WebTablesWithExtentReport" time="15.242" errors="0" timestamp="2023-03-07T22:35:07 IST" skipped="0">
  <testcase classname="seleniumBasics.WebTablesWithExtentReport" name="WebTablesWorking" time="15.242"/>
  <system-out/>
</testsuite> <!-- seleniumBasics.WebTablesWithExtentReport -->
