<?xml version="1.0" encoding="UTF-8"?>
<!-- Generated by org.testng.reporters.JUnitReportReporter -->
<testsuite hostname="DESKTOP-GJNDS4M" failures="0" tests="2" name="seleniumBasics.TestDataFromStringArray" time="28.028" errors="0" timestamp="2023-03-02T09:37:35 IST" skipped="0">
  <testcase classname="seleniumBasics.TestDataFromStringArray" name="alertsDemo" time="13.877"/>
  <system-out/>
  <testcase classname="seleniumBasics.TestDataFromStringArray" name="alertsDemo" time="14.151"/>
  <system-out/>
</testsuite> <!-- seleniumBasics.TestDataFromStringArray -->
