<?xml version="1.0" encoding="UTF-8"?>
<!-- Generated by org.testng.reporters.JUnitReportReporter -->
<testsuite hostname="DESKTOP-GJNDS4M" failures="0" tests="2" name="seleniumBasics.TestNGDemo" time="18.372" errors="0" timestamp="2023-02-28T09:48:37 IST" skipped="0">
  <testcase classname="seleniumBasics.TestNGDemo" name="testcase2" time="10.213"/>
  <system-out/>
  <testcase classname="seleniumBasics.TestNGDemo" name="testcase1" time="8.159"/>
  <system-out/>
</testsuite> <!-- seleniumBasics.TestNGDemo -->
