<?xml version="1.0" encoding="UTF-8"?>
<!-- Generated by org.testng.reporters.JUnitReportReporter -->
<testsuite hostname="DESKTOP-GJNDS4M" failures="0" tests="1" name="seleniumBasics.EditBoxesCount" time="6.531" errors="0" timestamp="2023-03-02T09:19:28 IST" skipped="0">
  <testcase classname="seleniumBasics.EditBoxesCount" name="printCOuntEditBoxes" time="6.531"/>
  <system-out/>
</testsuite> <!-- seleniumBasics.EditBoxesCount -->
