<?xml version="1.0" encoding="UTF-8"?>
<!-- Generated by org.testng.reporters.JUnitReportReporter -->
<testsuite hostname="DESKTOP-GJNDS4M" failures="0" tests="1" name="seleniumBasics.BrowserLaunch" time="9.849" errors="0" timestamp="2023-02-16T09:53:53 IST" skipped="0">
  <testcase classname="seleniumBasics.BrowserLaunch" name="launchChrome" time="9.849"/>
  <system-out/>
</testsuite> <!-- seleniumBasics.BrowserLaunch -->
