<?xml version="1.0" encoding="UTF-8"?>
<!-- Generated by org.testng.reporters.JUnitReportReporter -->
<testsuite hostname="DESKTOP-GJNDS4M" failures="0" tests="1" name="seleniumBasics.JavaScriptExecutorDemo" time="16.867" errors="0" timestamp="2023-02-24T10:00:21 IST" skipped="0">
  <testcase classname="seleniumBasics.JavaScriptExecutorDemo" name="scrollToSpecficElement" time="16.867"/>
  <system-out/>
</testsuite> <!-- seleniumBasics.JavaScriptExecutorDemo -->
