<?xml version="1.0" encoding="UTF-8"?>
<!-- Generated by org.testng.reporters.JUnitReportReporter -->
<testsuite hostname="DESKTOP-GJNDS4M" failures="0" tests="1" name="seleniumBasics.OnWebTables" time="17.052" errors="0" timestamp="2023-03-07T08:16:35 IST" skipped="0">
  <testcase classname="seleniumBasics.OnWebTables" name="WebTablesWorking" time="17.052"/>
  <system-out/>
</testsuite> <!-- seleniumBasics.OnWebTables -->
