<?xml version="1.0" encoding="UTF-8"?>
<!-- Generated by org.testng.reporters.JUnitReportReporter -->
<testsuite hostname="DESKTOP-GJNDS4M" failures="0" tests="1" name="seleniumBasics.WindowHandling" time="16.470" errors="0" timestamp="2023-03-02T09:19:28 IST" skipped="0">
  <testcase classname="seleniumBasics.WindowHandling" name="workingOnWindows" time="16.470"/>
  <system-out/>
</testsuite> <!-- seleniumBasics.WindowHandling -->
